<?xml version="1.0" encoding="UTF-8"?>
<testsuite xmlns:xsi="http://www.w3.org/2001/XMLSchema-instance" xsi:noNamespaceSchemaLocation="https://maven.apache.org/surefire/maven-surefire-plugin/xsd/surefire-test-report.xsd" name="com.parkit.parkingsystem.integration.ParkingDataBaseIT" time="3.305" tests="4" errors="0" skipped="0" failures="2">
  <properties>
    <property name="java.specification.version" value="17"/>
    <property name="sun.cpu.isalist" value="amd64"/>
    <property name="sun.jnu.encoding" value="Cp1252"/>
    <property name="java.class.path" value="C:\Users\zulfi\Desktop\BENADIBAH-Zulfiyya-tester-Java\target\test-classes;C:\Users\zulfi\Desktop\BENADIBAH-Zulfiyya-tester-Java\target\classes;C:\Users\zulfi\.m2\repository\org\apache\logging\log4j\log4j-api\2.12.1\log4j-api-2.12.1.jar;C:\Users\zulfi\.m2\repository\org\apache\logging\log4j\log4j-core\2.12.1\log4j-core-2.12.1.jar;C:\Users\zulfi\.m2\repository\com\mysql\mysql-connector-j\8.0.33\mysql-connector-j-8.0.33.jar;C:\Users\zulfi\.m2\repository\com\google\protobuf\protobuf-java\3.21.9\protobuf-java-3.21.9.jar;C:\Users\zulfi\.m2\repository\org\junit\jupiter\junit-jupiter-api\5.3.2\junit-jupiter-api-5.3.2.jar;C:\Users\zulfi\.m2\repository\org\apiguardian\apiguardian-api\1.0.0\apiguardian-api-1.0.0.jar;C:\Users\zulfi\.m2\repository\org\opentest4j\opentest4j\1.1.1\opentest4j-1.1.1.jar;C:\Users\zulfi\.m2\repository\org\junit\platform\junit-platform-commons\1.3.2\junit-platform-commons-1.3.2.jar;C:\Users\zulfi\.m2\repository\org\junit\jupiter\junit-jupiter-engine\5.3.2\junit-jupiter-engine-5.3.2.jar;C:\Users\zulfi\.m2\repository\org\junit\platform\junit-platform-engine\1.3.2\junit-platform-engine-1.3.2.jar;C:\Users\zulfi\.m2\repository\org\mockito\mockito-junit-jupiter\2.23.4\mockito-junit-jupiter-2.23.4.jar;C:\Users\zulfi\.m2\repository\org\mockito\mockito-core\2.23.4\mockito-core-2.23.4.jar;C:\Users\zulfi\.m2\repository\net\bytebuddy\byte-buddy\1.9.3\byte-buddy-1.9.3.jar;C:\Users\zulfi\.m2\repository\net\bytebuddy\byte-buddy-agent\1.9.3\byte-buddy-agent-1.9.3.jar;C:\Users\zulfi\.m2\repository\org\objenesis\objenesis\2.6\objenesis-2.6.jar;C:\Users\zulfi\.m2\repository\org\apache\maven\plugins\maven-assembly-plugin\3.0.0\maven-assembly-plugin-3.0.0.jar;C:\Users\zulfi\.m2\repository\org\apache\maven\maven-plugin-api\3.0\maven-plugin-api-3.0.jar;C:\Users\zulfi\.m2\repository\org\sonatype\sisu\sisu-inject-plexus\1.4.2\sisu-inject-plexus-1.4.2.jar;C:\Users\zulfi\.m2\repository\org\sonatype\sisu\sisu-inject-bean\1.4.2\sisu-inject-bean-1.4.2.jar;C:\Users\zulfi\.m2\repository\org\sonatype\sisu\sisu-guice\2.1.7\sisu-guice-2.1.7-noaop.jar;C:\Users\zulfi\.m2\repository\org\apache\maven\maven-core\3.0\maven-core-3.0.jar;C:\Users\zulfi\.m2\repository\org\apache\maven\maven-settings\3.0\maven-settings-3.0.jar;C:\Users\zulfi\.m2\repository\org\apache\maven\maven-settings-builder\3.0\maven-settings-builder-3.0.jar;C:\Users\zulfi\.m2\repository\org\apache\maven\maven-repository-metadata\3.0\maven-repository-metadata-3.0.jar;C:\Users\zulfi\.m2\repository\org\apache\maven\maven-model-builder\3.0\maven-model-builder-3.0.jar;C:\Users\zulfi\.m2\repository\org\apache\maven\maven-aether-provider\3.0\maven-aether-provider-3.0.jar;C:\Users\zulfi\.m2\repository\org\sonatype\aether\aether-impl\1.7\aether-impl-1.7.jar;C:\Users\zulfi\.m2\repository\org\sonatype\aether\aether-spi\1.7\aether-spi-1.7.jar;C:\Users\zulfi\.m2\repository\org\sonatype\aether\aether-api\1.7\aether-api-1.7.jar;C:\Users\zulfi\.m2\repository\org\sonatype\aether\aether-util\1.7\aether-util-1.7.jar;C:\Users\zulfi\.m2\repository\org\codehaus\plexus\plexus-classworlds\2.2.3\plexus-classworlds-2.2.3.jar;C:\Users\zulfi\.m2\repository\org\codehaus\plexus\plexus-component-annotations\1.5.5\plexus-component-annotations-1.5.5.jar;C:\Users\zulfi\.m2\repository\org\sonatype\plexus\plexus-sec-dispatcher\1.3\plexus-sec-dispatcher-1.3.jar;C:\Users\zulfi\.m2\repository\org\sonatype\plexus\plexus-cipher\1.4\plexus-cipher-1.4.jar;C:\Users\zulfi\.m2\repository\org\apache\maven\maven-artifact\3.0\maven-artifact-3.0.jar;C:\Users\zulfi\.m2\repository\org\apache\maven\maven-model\3.0\maven-model-3.0.jar;C:\Users\zulfi\.m2\repository\org\apache\maven\shared\maven-common-artifact-filters\3.0.1\maven-common-artifact-filters-3.0.1.jar;C:\Users\zulfi\.m2\repository\org\apache\maven\shared\maven-shared-utils\3.1.0\maven-shared-utils-3.1.0.jar;C:\Users\zulfi\.m2\repository\org\apache\maven\shared\maven-artifact-transfer\0.9.0\maven-artifact-transfer-0.9.0.jar;C:\Users\zulfi\.m2\repository\org\slf4j\slf4j-api\1.7.5\slf4j-api-1.7.5.jar;C:\Users\zulfi\.m2\repository\org\codehaus\plexus\plexus-interpolation\1.24\plexus-interpolation-1.24.jar;C:\Users\zulfi\.m2\repository\org\codehaus\plexus\plexus-archiver\3.4\plexus-archiver-3.4.jar;C:\Users\zulfi\.m2\repository\org\apache\commons\commons-compress\1.11\commons-compress-1.11.jar;C:\Users\zulfi\.m2\repository\org\iq80\snappy\snappy\0.4\snappy-0.4.jar;C:\Users\zulfi\.m2\repository\org\tukaani\xz\1.5\xz-1.5.jar;C:\Users\zulfi\.m2\repository\org\apache\maven\shared\file-management\3.0.0\file-management-3.0.0.jar;C:\Users\zulfi\.m2\repository\org\apache\maven\shared\maven-shared-io\3.0.0\maven-shared-io-3.0.0.jar;C:\Users\zulfi\.m2\repository\org\apache\maven\maven-compat\3.0\maven-compat-3.0.jar;C:\Users\zulfi\.m2\repository\org\apache\maven\wagon\wagon-provider-api\2.10\wagon-provider-api-2.10.jar;C:\Users\zulfi\.m2\repository\commons-io\commons-io\2.5\commons-io-2.5.jar;C:\Users\zulfi\.m2\repository\org\apache\maven\shared\maven-filtering\3.1.1\maven-filtering-3.1.1.jar;C:\Users\zulfi\.m2\repository\org\sonatype\plexus\plexus-build-api\0.0.7\plexus-build-api-0.0.7.jar;C:\Users\zulfi\.m2\repository\org\codehaus\plexus\plexus-io\2.7.1\plexus-io-2.7.1.jar;C:\Users\zulfi\.m2\repository\org\apache\maven\maven-archiver\3.1.1\maven-archiver-3.1.1.jar;C:\Users\zulfi\.m2\repository\org\codehaus\plexus\plexus-utils\3.0.24\plexus-utils-3.0.24.jar;C:\Users\zulfi\.m2\repository\commons-codec\commons-codec\1.6\commons-codec-1.6.jar;"/>
    <property name="java.vm.vendor" value="Oracle Corporation"/>
    <property name="sun.arch.data.model" value="64"/>
    <property name="user.variant" value=""/>
    <property name="java.vendor.url" value="https://java.oracle.com/"/>
    <property name="user.timezone" value="Europe/Paris"/>
    <property name="os.name" value="Windows 11"/>
    <property name="java.vm.specification.version" value="17"/>
    <property name="sun.java.launcher" value="SUN_STANDARD"/>
    <property name="user.country" value="FR"/>
    <property name="sun.boot.library.path" value="C:\Program Files\Java\jdk-17\bin"/>
    <property name="sun.java.command" value="C:\Users\zulfi\AppData\Local\Temp\surefire16314906072501307984\surefirebooter634007881477932303.jar C:\Users\zulfi\AppData\Local\Temp\surefire16314906072501307984 2024-07-02T18-41-51_662-jvmRun1 surefire13181951854687932027tmp surefire_05088964309313557746tmp"/>
    <property name="jdk.debug" value="release"/>
    <property name="surefire.test.class.path" value="C:\Users\zulfi\Desktop\BENADIBAH-Zulfiyya-tester-Java\target\test-classes;C:\Users\zulfi\Desktop\BENADIBAH-Zulfiyya-tester-Java\target\classes;C:\Users\zulfi\.m2\repository\org\apache\logging\log4j\log4j-api\2.12.1\log4j-api-2.12.1.jar;C:\Users\zulfi\.m2\repository\org\apache\logging\log4j\log4j-core\2.12.1\log4j-core-2.12.1.jar;C:\Users\zulfi\.m2\repository\com\mysql\mysql-connector-j\8.0.33\mysql-connector-j-8.0.33.jar;C:\Users\zulfi\.m2\repository\com\google\protobuf\protobuf-java\3.21.9\protobuf-java-3.21.9.jar;C:\Users\zulfi\.m2\repository\org\junit\jupiter\junit-jupiter-api\5.3.2\junit-jupiter-api-5.3.2.jar;C:\Users\zulfi\.m2\repository\org\apiguardian\apiguardian-api\1.0.0\apiguardian-api-1.0.0.jar;C:\Users\zulfi\.m2\repository\org\opentest4j\opentest4j\1.1.1\opentest4j-1.1.1.jar;C:\Users\zulfi\.m2\repository\org\junit\platform\junit-platform-commons\1.3.2\junit-platform-commons-1.3.2.jar;C:\Users\zulfi\.m2\repository\org\junit\jupiter\junit-jupiter-engine\5.3.2\junit-jupiter-engine-5.3.2.jar;C:\Users\zulfi\.m2\repository\org\junit\platform\junit-platform-engine\1.3.2\junit-platform-engine-1.3.2.jar;C:\Users\zulfi\.m2\repository\org\mockito\mockito-junit-jupiter\2.23.4\mockito-junit-jupiter-2.23.4.jar;C:\Users\zulfi\.m2\repository\org\mockito\mockito-core\2.23.4\mockito-core-2.23.4.jar;C:\Users\zulfi\.m2\repository\net\bytebuddy\byte-buddy\1.9.3\byte-buddy-1.9.3.jar;C:\Users\zulfi\.m2\repository\net\bytebuddy\byte-buddy-agent\1.9.3\byte-buddy-agent-1.9.3.jar;C:\Users\zulfi\.m2\repository\org\objenesis\objenesis\2.6\objenesis-2.6.jar;C:\Users\zulfi\.m2\repository\org\apache\maven\plugins\maven-assembly-plugin\3.0.0\maven-assembly-plugin-3.0.0.jar;C:\Users\zulfi\.m2\repository\org\apache\maven\maven-plugin-api\3.0\maven-plugin-api-3.0.jar;C:\Users\zulfi\.m2\repository\org\sonatype\sisu\sisu-inject-plexus\1.4.2\sisu-inject-plexus-1.4.2.jar;C:\Users\zulfi\.m2\repository\org\sonatype\sisu\sisu-inject-bean\1.4.2\sisu-inject-bean-1.4.2.jar;C:\Users\zulfi\.m2\repository\org\sonatype\sisu\sisu-guice\2.1.7\sisu-guice-2.1.7-noaop.jar;C:\Users\zulfi\.m2\repository\org\apache\maven\maven-core\3.0\maven-core-3.0.jar;C:\Users\zulfi\.m2\repository\org\apache\maven\maven-settings\3.0\maven-settings-3.0.jar;C:\Users\zulfi\.m2\repository\org\apache\maven\maven-settings-builder\3.0\maven-settings-builder-3.0.jar;C:\Users\zulfi\.m2\repository\org\apache\maven\maven-repository-metadata\3.0\maven-repository-metadata-3.0.jar;C:\Users\zulfi\.m2\repository\org\apache\maven\maven-model-builder\3.0\maven-model-builder-3.0.jar;C:\Users\zulfi\.m2\repository\org\apache\maven\maven-aether-provider\3.0\maven-aether-provider-3.0.jar;C:\Users\zulfi\.m2\repository\org\sonatype\aether\aether-impl\1.7\aether-impl-1.7.jar;C:\Users\zulfi\.m2\repository\org\sonatype\aether\aether-spi\1.7\aether-spi-1.7.jar;C:\Users\zulfi\.m2\repository\org\sonatype\aether\aether-api\1.7\aether-api-1.7.jar;C:\Users\zulfi\.m2\repository\org\sonatype\aether\aether-util\1.7\aether-util-1.7.jar;C:\Users\zulfi\.m2\repository\org\codehaus\plexus\plexus-classworlds\2.2.3\plexus-classworlds-2.2.3.jar;C:\Users\zulfi\.m2\repository\org\codehaus\plexus\plexus-component-annotations\1.5.5\plexus-component-annotations-1.5.5.jar;C:\Users\zulfi\.m2\repository\org\sonatype\plexus\plexus-sec-dispatcher\1.3\plexus-sec-dispatcher-1.3.jar;C:\Users\zulfi\.m2\repository\org\sonatype\plexus\plexus-cipher\1.4\plexus-cipher-1.4.jar;C:\Users\zulfi\.m2\repository\org\apache\maven\maven-artifact\3.0\maven-artifact-3.0.jar;C:\Users\zulfi\.m2\repository\org\apache\maven\maven-model\3.0\maven-model-3.0.jar;C:\Users\zulfi\.m2\repository\org\apache\maven\shared\maven-common-artifact-filters\3.0.1\maven-common-artifact-filters-3.0.1.jar;C:\Users\zulfi\.m2\repository\org\apache\maven\shared\maven-shared-utils\3.1.0\maven-shared-utils-3.1.0.jar;C:\Users\zulfi\.m2\repository\org\apache\maven\shared\maven-artifact-transfer\0.9.0\maven-artifact-transfer-0.9.0.jar;C:\Users\zulfi\.m2\repository\org\slf4j\slf4j-api\1.7.5\slf4j-api-1.7.5.jar;C:\Users\zulfi\.m2\repository\org\codehaus\plexus\plexus-interpolation\1.24\plexus-interpolation-1.24.jar;C:\Users\zulfi\.m2\repository\org\codehaus\plexus\plexus-archiver\3.4\plexus-archiver-3.4.jar;C:\Users\zulfi\.m2\repository\org\apache\commons\commons-compress\1.11\commons-compress-1.11.jar;C:\Users\zulfi\.m2\repository\org\iq80\snappy\snappy\0.4\snappy-0.4.jar;C:\Users\zulfi\.m2\repository\org\tukaani\xz\1.5\xz-1.5.jar;C:\Users\zulfi\.m2\repository\org\apache\maven\shared\file-management\3.0.0\file-management-3.0.0.jar;C:\Users\zulfi\.m2\repository\org\apache\maven\shared\maven-shared-io\3.0.0\maven-shared-io-3.0.0.jar;C:\Users\zulfi\.m2\repository\org\apache\maven\maven-compat\3.0\maven-compat-3.0.jar;C:\Users\zulfi\.m2\repository\org\apache\maven\wagon\wagon-provider-api\2.10\wagon-provider-api-2.10.jar;C:\Users\zulfi\.m2\repository\commons-io\commons-io\2.5\commons-io-2.5.jar;C:\Users\zulfi\.m2\repository\org\apache\maven\shared\maven-filtering\3.1.1\maven-filtering-3.1.1.jar;C:\Users\zulfi\.m2\repository\org\sonatype\plexus\plexus-build-api\0.0.7\plexus-build-api-0.0.7.jar;C:\Users\zulfi\.m2\repository\org\codehaus\plexus\plexus-io\2.7.1\plexus-io-2.7.1.jar;C:\Users\zulfi\.m2\repository\org\apache\maven\maven-archiver\3.1.1\maven-archiver-3.1.1.jar;C:\Users\zulfi\.m2\repository\org\codehaus\plexus\plexus-utils\3.0.24\plexus-utils-3.0.24.jar;C:\Users\zulfi\.m2\repository\commons-codec\commons-codec\1.6\commons-codec-1.6.jar;"/>
    <property name="sun.cpu.endian" value="little"/>
    <property name="user.home" value="C:\Users\zulfi"/>
    <property name="user.language" value="fr"/>
    <property name="java.specification.vendor" value="Oracle Corporation"/>
    <property name="java.version.date" value="2023-04-18"/>
    <property name="java.home" value="C:\Program Files\Java\jdk-17"/>
    <property name="file.separator" value="\"/>
    <property name="basedir" value="C:\Users\zulfi\Desktop\BENADIBAH-Zulfiyya-tester-Java"/>
    <property name="java.vm.compressedOopsMode" value="32-bit"/>
    <property name="line.separator" value="&#10;"/>
    <property name="java.vm.specification.vendor" value="Oracle Corporation"/>
    <property name="java.specification.name" value="Java Platform API Specification"/>
    <property name="surefire.real.class.path" value="C:\Users\zulfi\AppData\Local\Temp\surefire16314906072501307984\surefirebooter634007881477932303.jar"/>
    <property name="user.script" value=""/>
    <property name="sun.management.compiler" value="HotSpot 64-Bit Tiered Compilers"/>
    <property name="java.runtime.version" value="17.0.7+8-LTS-224"/>
    <property name="user.name" value="zulfi"/>
    <property name="path.separator" value=";"/>
    <property name="os.version" value="10.0"/>
    <property name="java.runtime.name" value="Java(TM) SE Runtime Environment"/>
    <property name="file.encoding" value="Cp1252"/>
    <property name="java.vm.name" value="Java HotSpot(TM) 64-Bit Server VM"/>
    <property name="localRepository" value="C:\Users\zulfi\.m2\repository"/>
    <property name="java.vendor.url.bug" value="https://bugreport.java.com/bugreport/"/>
    <property name="java.io.tmpdir" value="C:\Users\zulfi\AppData\Local\Temp\"/>
    <property name="java.version" value="17.0.7"/>
    <property name="user.dir" value="C:\Users\zulfi\Desktop\BENADIBAH-Zulfiyya-tester-Java"/>
    <property name="os.arch" value="amd64"/>
    <property name="java.vm.specification.name" value="Java Virtual Machine Specification"/>
    <property name="sun.os.patch.level" value=""/>
    <property name="native.encoding" value="Cp1252"/>
    <property name="java.library.path" value="C:\Program Files\Java\jdk-17\bin;C:\WINDOWS\Sun\Java\bin;C:\WINDOWS\system32;C:\WINDOWS;C:\Program Files\Java\jdk-17\bin;C:\WINDOWS\system32;C:\WINDOWS;C:\WINDOWS\System32\Wbem;C:\WINDOWS\System32\WindowsPowerShell\v1.0\;C:\WINDOWS\System32\OpenSSH\;C:\Program Files\dotnet\;C:\Program Files\Git\cmd;C:\Outils\apache-maven-3.9.6\bin;C:\Program Files\Java\jdk-17\bin;C:\Program Files\MySQL\MySQL Shell 8.0\bin\;C:\Users\zulfi\AppData\Local\Microsoft\WindowsApps;C:\Users\zulfi\Desktop\Microsoft VS Code\bin;C:\Program Files\sfdx\bin;C:\Program Files\JetBrains\IntelliJ IDEA Community Edition 2023.2.4\bin;;;."/>
    <property name="java.vm.info" value="mixed mode, sharing"/>
    <property name="java.vendor" value="Oracle Corporation"/>
    <property name="java.vm.version" value="17.0.7+8-LTS-224"/>
    <property name="sun.io.unicode.encoding" value="UnicodeLittle"/>
    <property name="java.class.version" value="61.0"/>
  </properties>
  <testcase name="testParkingLotExitRecurringUser" classname="com.parkit.parkingsystem.integration.ParkingDataBaseIT" time="2.512">
    <failure message="Fare should be calculated with a 5% discount for recurring user ==&gt; expected: &lt;1.43&gt; but was: &lt;0.0&gt;" type="org.opentest4j.AssertionFailedError"><![CDATA[org.opentest4j.AssertionFailedError: Fare should be calculated with a 5% discount for recurring user ==> expected: <1.43> but was: <0.0>
	at com.parkit.parkingsystem.integration.ParkingDataBaseIT.testParkingLotExitRecurringUser(ParkingDataBaseIT.java:161)
]]></failure>
    <system-out><![CDATA[2024-07-02 18:41:54 INFO  DataBaseTestConfig - Create DB connection
2024-07-02 18:41:55 INFO  DataBaseTestConfig - Closing Prepared Statement
2024-07-02 18:41:55 INFO  DataBaseTestConfig - Closing Prepared Statement
2024-07-02 18:41:55 INFO  DataBaseTestConfig - Closing DB connection
Please type the vehicle registration number and press enter key
2024-07-02 18:41:55 INFO  DataBaseTestConfig - Create DB connection
Please select vehicle type from menu
1 CAR
2 BIKE
2024-07-02 18:41:55 INFO  DataBaseTestConfig - Create DB connection
2024-07-02 18:41:56 INFO  DataBaseTestConfig - Closing Result Set
2024-07-02 18:41:56 INFO  DataBaseTestConfig - Closing Prepared Statement
2024-07-02 18:41:56 INFO  DataBaseTestConfig - Closing DB connection
2024-07-02 18:41:56 INFO  DataBaseTestConfig - Create DB connection
2024-07-02 18:41:56 INFO  DataBaseTestConfig - Closing Prepared Statement
2024-07-02 18:41:56 INFO  ParkingSpotDAO - Updated parking spot 1 to available: false
2024-07-02 18:41:56 INFO  DataBaseTestConfig - Closing DB connection
2024-07-02 18:41:56 INFO  ParkingService - Parking spot 1 set to unavailable: true
2024-07-02 18:41:56 INFO  DataBaseTestConfig - Create DB connection
Generated Ticket and saved in DB
Please park your vehicle in spot number:1
Recorded in-time for vehicle number:ABCDEF is:Tue Jul 02 18:41:56 CEST 2024
2024-07-02 18:41:56 INFO  DataBaseTestConfig - Create DB connection
2024-07-02 18:41:56 INFO  DataBaseTestConfig - Create DB connection
Please type the vehicle registration number and press enter key
2024-07-02 18:41:56 INFO  DataBaseTestConfig - Create DB connection
2024-07-02 18:41:56 INFO  DataBaseTestConfig - Create DB connection
2024-07-02 18:41:56 INFO  FareCalculatorService - Parking duration is less than or equal to 30 minutes. No charge.
2024-07-02 18:41:56 INFO  DataBaseTestConfig - Create DB connection
2024-07-02 18:41:56 INFO  DataBaseTestConfig - Create DB connection
2024-07-02 18:41:56 INFO  DataBaseTestConfig - Closing Prepared Statement
2024-07-02 18:41:56 INFO  ParkingSpotDAO - Updated parking spot 1 to available: true
2024-07-02 18:41:56 INFO  DataBaseTestConfig - Closing DB connection
Please pay the parking fare: null
You have stayed 0 hours and 0 minutes in our parking.
Recorded out-time for vehicle number: ABCDEF is: Tue Jul 02 18:41:56 CEST 2024
Please type the vehicle registration number and press enter key
2024-07-02 18:41:56 INFO  DataBaseTestConfig - Create DB connection
Please select vehicle type from menu
1 CAR
2 BIKE
2024-07-02 18:41:56 INFO  DataBaseTestConfig - Create DB connection
2024-07-02 18:41:56 INFO  DataBaseTestConfig - Closing Result Set
2024-07-02 18:41:56 INFO  DataBaseTestConfig - Closing Prepared Statement
2024-07-02 18:41:56 INFO  DataBaseTestConfig - Closing DB connection
2024-07-02 18:41:56 INFO  DataBaseTestConfig - Create DB connection
2024-07-02 18:41:56 INFO  DataBaseTestConfig - Closing Prepared Statement
2024-07-02 18:41:56 INFO  ParkingSpotDAO - Updated parking spot 1 to available: false
2024-07-02 18:41:56 INFO  DataBaseTestConfig - Closing DB connection
2024-07-02 18:41:56 INFO  ParkingService - Parking spot 1 set to unavailable: true
2024-07-02 18:41:56 INFO  DataBaseTestConfig - Create DB connection
Generated Ticket and saved in DB
Please park your vehicle in spot number:1
Recorded in-time for vehicle number:ABCDEF is:Tue Jul 02 18:41:56 CEST 2024
2024-07-02 18:41:56 INFO  DataBaseTestConfig - Create DB connection
2024-07-02 18:41:56 INFO  DataBaseTestConfig - Create DB connection
Please type the vehicle registration number and press enter key
2024-07-02 18:41:56 INFO  DataBaseTestConfig - Create DB connection
2024-07-02 18:41:56 INFO  DataBaseTestConfig - Create DB connection
2024-07-02 18:41:56 INFO  FareCalculatorService - Parking duration is less than or equal to 30 minutes. No charge.
2024-07-02 18:41:56 INFO  DataBaseTestConfig - Create DB connection
2024-07-02 18:41:56 INFO  DataBaseTestConfig - Create DB connection
2024-07-02 18:41:56 INFO  DataBaseTestConfig - Closing Prepared Statement
2024-07-02 18:41:56 INFO  ParkingSpotDAO - Updated parking spot 1 to available: true
2024-07-02 18:41:56 INFO  DataBaseTestConfig - Closing DB connection
Please pay the parking fare: null
You have stayed 0 hours and 0 minutes in our parking.
Recorded out-time for vehicle number: ABCDEF is: Tue Jul 02 18:41:56 CEST 2024
2024-07-02 18:41:56 INFO  DataBaseTestConfig - Create DB connection
]]></system-out>
  </testcase>
  <testcase name="testParkingLotExitWithLongStay" classname="com.parkit.parkingsystem.integration.ParkingDataBaseIT" time="0.319">
    <failure message="Fare should be calculated for long stay ==&gt; expected: &lt;true&gt; but was: &lt;false&gt;" type="org.opentest4j.AssertionFailedError"><![CDATA[org.opentest4j.AssertionFailedError: Fare should be calculated for long stay ==> expected: <true> but was: <false>
	at com.parkit.parkingsystem.integration.ParkingDataBaseIT.testParkingLotExitWithLongStay(ParkingDataBaseIT.java:131)
]]></failure>
    <system-out><![CDATA[2024-07-02 18:41:56 INFO  DataBaseTestConfig - Create DB connection
2024-07-02 18:41:56 INFO  DataBaseTestConfig - Closing Prepared Statement
2024-07-02 18:41:56 INFO  DataBaseTestConfig - Closing Prepared Statement
2024-07-02 18:41:56 INFO  DataBaseTestConfig - Closing DB connection
Please type the vehicle registration number and press enter key
2024-07-02 18:41:56 INFO  DataBaseTestConfig - Create DB connection
Please select vehicle type from menu
1 CAR
2 BIKE
2024-07-02 18:41:56 INFO  DataBaseTestConfig - Create DB connection
2024-07-02 18:41:56 INFO  DataBaseTestConfig - Closing Result Set
2024-07-02 18:41:56 INFO  DataBaseTestConfig - Closing Prepared Statement
2024-07-02 18:41:56 INFO  DataBaseTestConfig - Closing DB connection
2024-07-02 18:41:56 INFO  DataBaseTestConfig - Create DB connection
2024-07-02 18:41:56 INFO  DataBaseTestConfig - Closing Prepared Statement
2024-07-02 18:41:56 INFO  ParkingSpotDAO - Updated parking spot 1 to available: false
2024-07-02 18:41:56 INFO  DataBaseTestConfig - Closing DB connection
2024-07-02 18:41:56 INFO  ParkingService - Parking spot 1 set to unavailable: true
2024-07-02 18:41:56 INFO  DataBaseTestConfig - Create DB connection
Generated Ticket and saved in DB
Please park your vehicle in spot number:1
Recorded in-time for vehicle number:ABCDEF is:Tue Jul 02 18:41:56 CEST 2024
2024-07-02 18:41:56 INFO  DataBaseTestConfig - Create DB connection
2024-07-02 18:41:56 INFO  DataBaseTestConfig - Create DB connection
Please type the vehicle registration number and press enter key
2024-07-02 18:41:56 INFO  DataBaseTestConfig - Create DB connection
2024-07-02 18:41:56 INFO  DataBaseTestConfig - Create DB connection
2024-07-02 18:41:56 ERROR FareCalculatorService - Out time provided is incorrect: Tue Jul 02 18:41:56 CEST 2024
2024-07-02 18:41:56 ERROR ParkingService - Unable to process exiting vehicle
java.lang.IllegalArgumentException: Out time provided is incorrect: Tue Jul 02 18:41:56 CEST 2024
	at com.parkit.parkingsystem.service.FareCalculatorService.calculateFare(FareCalculatorService.java:17) ~[classes/:?]
	at com.parkit.parkingsystem.service.ParkingService.processExitingVehicle(ParkingService.java:75) ~[classes/:?]
	at com.parkit.parkingsystem.integration.ParkingDataBaseIT.testParkingLotExitWithLongStay(ParkingDataBaseIT.java:111) ~[test-classes/:?]
	at jdk.internal.reflect.NativeMethodAccessorImpl.invoke0(Native Method) ~[?:?]
	at jdk.internal.reflect.NativeMethodAccessorImpl.invoke(NativeMethodAccessorImpl.java:77) ~[?:?]
	at jdk.internal.reflect.DelegatingMethodAccessorImpl.invoke(DelegatingMethodAccessorImpl.java:43) ~[?:?]
	at java.lang.reflect.Method.invoke(Method.java:568) ~[?:?]
	at org.junit.platform.commons.util.ReflectionUtils.invokeMethod(ReflectionUtils.java:532) ~[junit-platform-commons-1.3.2.jar:1.3.2]
	at org.junit.jupiter.engine.execution.ExecutableInvoker.invoke(ExecutableInvoker.java:115) ~[junit-jupiter-engine-5.3.2.jar:5.3.2]
	at org.junit.jupiter.engine.descriptor.TestMethodTestDescriptor.lambda$invokeTestMethod$6(TestMethodTestDescriptor.java:171) ~[junit-jupiter-engine-5.3.2.jar:5.3.2]
	at org.junit.platform.engine.support.hierarchical.ThrowableCollector.execute(ThrowableCollector.java:72) ~[junit-platform-engine-1.3.2.jar:1.3.2]
	at org.junit.jupiter.engine.descriptor.TestMethodTestDescriptor.invokeTestMethod(TestMethodTestDescriptor.java:167) ~[junit-jupiter-engine-5.3.2.jar:5.3.2]
	at org.junit.jupiter.engine.descriptor.TestMethodTestDescriptor.execute(TestMethodTestDescriptor.java:114) ~[junit-jupiter-engine-5.3.2.jar:5.3.2]
	at org.junit.jupiter.engine.descriptor.TestMethodTestDescriptor.execute(TestMethodTestDescriptor.java:59) ~[junit-jupiter-engine-5.3.2.jar:5.3.2]
	at org.junit.platform.engine.support.hierarchical.NodeTestTask.lambda$executeRecursively$4(NodeTestTask.java:108) ~[junit-platform-engine-1.3.2.jar:1.3.2]
	at org.junit.platform.engine.support.hierarchical.ThrowableCollector.execute(ThrowableCollector.java:72) ~[junit-platform-engine-1.3.2.jar:1.3.2]
	at org.junit.platform.engine.support.hierarchical.NodeTestTask.executeRecursively(NodeTestTask.java:98) ~[junit-platform-engine-1.3.2.jar:1.3.2]
	at org.junit.platform.engine.support.hierarchical.NodeTestTask.execute(NodeTestTask.java:74) ~[junit-platform-engine-1.3.2.jar:1.3.2]
	at java.util.ArrayList.forEach(ArrayList.java:1511) ~[?:?]
	at org.junit.platform.engine.support.hierarchical.SameThreadHierarchicalTestExecutorService.invokeAll(SameThreadHierarchicalTestExecutorService.java:38) ~[junit-platform-engine-1.3.2.jar:1.3.2]
	at org.junit.platform.engine.support.hierarchical.NodeTestTask.lambda$executeRecursively$4(NodeTestTask.java:112) ~[junit-platform-engine-1.3.2.jar:1.3.2]
	at org.junit.platform.engine.support.hierarchical.ThrowableCollector.execute(ThrowableCollector.java:72) ~[junit-platform-engine-1.3.2.jar:1.3.2]
	at org.junit.platform.engine.support.hierarchical.NodeTestTask.executeRecursively(NodeTestTask.java:98) ~[junit-platform-engine-1.3.2.jar:1.3.2]
	at org.junit.platform.engine.support.hierarchical.NodeTestTask.execute(NodeTestTask.java:74) ~[junit-platform-engine-1.3.2.jar:1.3.2]
	at java.util.ArrayList.forEach(ArrayList.java:1511) ~[?:?]
	at org.junit.platform.engine.support.hierarchical.SameThreadHierarchicalTestExecutorService.invokeAll(SameThreadHierarchicalTestExecutorService.java:38) ~[junit-platform-engine-1.3.2.jar:1.3.2]
	at org.junit.platform.engine.support.hierarchical.NodeTestTask.lambda$executeRecursively$4(NodeTestTask.java:112) ~[junit-platform-engine-1.3.2.jar:1.3.2]
	at org.junit.platform.engine.support.hierarchical.ThrowableCollector.execute(ThrowableCollector.java:72) ~[junit-platform-engine-1.3.2.jar:1.3.2]
	at org.junit.platform.engine.support.hierarchical.NodeTestTask.executeRecursively(NodeTestTask.java:98) ~[junit-platform-engine-1.3.2.jar:1.3.2]
	at org.junit.platform.engine.support.hierarchical.NodeTestTask.execute(NodeTestTask.java:74) ~[junit-platform-engine-1.3.2.jar:1.3.2]
	at org.junit.platform.engine.support.hierarchical.SameThreadHierarchicalTestExecutorService.submit(SameThreadHierarchicalTestExecutorService.java:32) ~[junit-platform-engine-1.3.2.jar:1.3.2]
	at org.junit.platform.engine.support.hierarchical.HierarchicalTestExecutor.execute(HierarchicalTestExecutor.java:57) ~[junit-platform-engine-1.3.2.jar:1.3.2]
	at org.junit.platform.engine.support.hierarchical.HierarchicalTestEngine.execute(HierarchicalTestEngine.java:51) ~[junit-platform-engine-1.3.2.jar:1.3.2]
	at org.junit.platform.launcher.core.DefaultLauncher.execute(DefaultLauncher.java:220) ~[junit-platform-launcher-1.3.1.jar:1.3.1]
	at org.junit.platform.launcher.core.DefaultLauncher.lambda$execute$6(DefaultLauncher.java:188) ~[junit-platform-launcher-1.3.1.jar:1.3.1]
	at org.junit.platform.launcher.core.DefaultLauncher.withInterceptedStreams(DefaultLauncher.java:202) [junit-platform-launcher-1.3.1.jar:1.3.1]
	at org.junit.platform.launcher.core.DefaultLauncher.execute(DefaultLauncher.java:181) [junit-platform-launcher-1.3.1.jar:1.3.1]
	at org.junit.platform.launcher.core.DefaultLauncher.execute(DefaultLauncher.java:128) [junit-platform-launcher-1.3.1.jar:1.3.1]
	at org.apache.maven.surefire.junitplatform.JUnitPlatformProvider.invokeAllTests(JUnitPlatformProvider.java:150) [surefire-junit-platform-2.22.2.jar:2.22.2]
	at org.apache.maven.surefire.junitplatform.JUnitPlatformProvider.invoke(JUnitPlatformProvider.java:124) [surefire-junit-platform-2.22.2.jar:2.22.2]
	at org.apache.maven.surefire.booter.ForkedBooter.invokeProviderInSameClassLoader(ForkedBooter.java:384) [surefire-booter-2.22.2.jar:2.22.2]
	at org.apache.maven.surefire.booter.ForkedBooter.runSuitesInProcess(ForkedBooter.java:345) [surefire-booter-2.22.2.jar:2.22.2]
	at org.apache.maven.surefire.booter.ForkedBooter.execute(ForkedBooter.java:126) [surefire-booter-2.22.2.jar:2.22.2]
	at org.apache.maven.surefire.booter.ForkedBooter.main(ForkedBooter.java:418) [surefire-booter-2.22.2.jar:2.22.2]
2024-07-02 18:41:56 INFO  DataBaseTestConfig - Create DB connection
2024-07-02 18:41:56 INFO  DataBaseTestConfig - Create DB connection
2024-07-02 18:41:56 INFO  DataBaseTestConfig - Create DB connection
2024-07-02 18:41:56 INFO  DataBaseTestConfig - Closing Prepared Statement
2024-07-02 18:41:56 INFO  ParkingSpotDAO - Updated parking spot 1 to available: true
2024-07-02 18:41:56 INFO  DataBaseTestConfig - Closing DB connection
2024-07-02 18:41:56 INFO  DataBaseTestConfig - Create DB connection
2024-07-02 18:41:56 INFO  DataBaseTestConfig - Closing Result Set
2024-07-02 18:41:56 INFO  DataBaseTestConfig - Closing Prepared Statement
2024-07-02 18:41:56 INFO  DataBaseTestConfig - Closing DB connection
]]></system-out>
  </testcase>
  <testcase name="testParkingLotExitWithShortStay" classname="com.parkit.parkingsystem.integration.ParkingDataBaseIT" time="0.293"/>
  <testcase name="testParkingACar" classname="com.parkit.parkingsystem.integration.ParkingDataBaseIT" time="0.162"/>
</testsuite>